Kotlin-app/app/build/intermediates/manifest_merge_blame_file/debug/processDebugMainManifest/manifest-merger-blame-debug-report.txt
1<?xml version="1.0" encoding="utf-8"?>
2<manifest xmlns:android="http://schemas.android.com/apk/res/android"
3    package="com.darkprince.dronecontrol"
4    android:versionCode="1"
5    android:versionName="1.0" >
6
7    <uses-sdk
8        android:minSdkVersion="26"
9        android:targetSdkVersion="35" />
10
11    <uses-feature
11-->src\main\AndroidManifest.xml:4:5-6:35
12        android:name="android.hardware.bluetooth_le"
12-->src\main\AndroidManifest.xml:5:9-53
13        android:required="true" />
13-->src\main\AndroidManifest.xml:6:9-32
14
15    <uses-permission
15-->src\main\AndroidManifest.xml:8:5-95
16        android:name="android.permission.BLUETOOTH"
16-->src\main\AndroidManifest.xml:8:22-65
17        android:maxSdkVersion="30" />
17-->src\main\AndroidManifest.xml:8:66-92
18    <uses-permission
18-->src\main\AndroidManifest.xml:9:5-101
19        android:name="android.permission.BLUETOOTH_ADMIN"
19-->src\main\AndroidManifest.xml:9:22-71
20        android:maxSdkVersion="30" />
20-->src\main\AndroidManifest.xml:9:72-98
21    <uses-permission
21-->src\main\AndroidManifest.xml:10:5-106
22        android:name="android.permission.ACCESS_FINE_LOCATION"
22-->src\main\AndroidManifest.xml:10:22-76
23        android:maxSdkVersion="30" />
23-->src\main\AndroidManifest.xml:10:77-103
24    <uses-permission android:name="android.permission.BLUETOOTH_SCAN" />
24-->src\main\AndroidManifest.xml:12:5-73
24-->src\main\AndroidManifest.xml:12:22-70
25    <uses-permission android:name="android.permission.BLUETOOTH_CONNECT" />
25-->src\main\AndroidManifest.xml:13:5-76
25-->src\main\AndroidManifest.xml:13:22-73
26
27    <permission
27-->[androidx.core:core:1.13.1] AndroidManifest.xml:22:5-24:47
28        android:name="com.darkprince.dronecontrol.DYNAMIC_RECEIVER_NOT_EXPORTED_PERMISSION"
28-->[androidx.core:core:1.13.1] AndroidManifest.xml:23:9-81
29        android:protectionLevel="signature" />
29-->[androidx.core:core:1.13.1] AndroidManifest.xml:24:9-44
30
31    <uses-permission android:name="com.darkprince.dronecontrol.DYNAMIC_RECEIVER_NOT_EXPORTED_PERMISSION" />
31-->[androidx.core:core:1.13.1] AndroidManifest.xml:26:5-97
31-->[androidx.core:core:1.13.1] AndroidManifest.xml:26:22-94
32
33    <application
33-->src\main\AndroidManifest.xml:15:5-31:19
34        android:allowBackup="true"
34-->src\main\AndroidManifest.xml:16:9-35
35        android:appComponentFactory="androidx.core.app.CoreComponentFactory"
35-->[androidx.core:core:1.13.1] AndroidManifest.xml:28:18-86
36        android:debuggable="true"
37        android:extractNativeLibs="false"
38        android:icon="@android:drawable/ic_menu_compass"
38-->src\main\AndroidManifest.xml:17:9-57
39        android:label="@string/app_name"
39-->src\main\AndroidManifest.xml:18:9-41
40        android:roundIcon="@android:drawable/ic_menu_compass"
40-->src\main\AndroidManifest.xml:19:9-62
41        android:supportsRtl="true"
41-->src\main\AndroidManifest.xml:20:9-35
42        android:testOnly="true"
43        android:theme="@style/Theme.DroneBleControl" >
43-->src\main\AndroidManifest.xml:21:9-53
44        <activity
44-->src\main\AndroidManifest.xml:22:9-30:20
45            android:name="com.darkprince.dronecontrol.MainActivity"
45-->src\main\AndroidManifest.xml:23:13-41
46            android:exported="true" >
46-->src\main\AndroidManifest.xml:24:13-36
47            <intent-filter>
47-->src\main\AndroidManifest.xml:25:13-29:29
48                <action android:name="android.intent.action.MAIN" />
48-->src\main\AndroidManifest.xml:26:17-69
48-->src\main\AndroidManifest.xml:26:25-66
49
50                <category android:name="android.intent.category.LAUNCHER" />
50-->src\main\AndroidManifest.xml:28:17-77
50-->src\main\AndroidManifest.xml:28:27-74
51            </intent-filter>
52        </activity>
53
54        <provider
54-->[androidx.emoji2:emoji2:1.3.0] AndroidManifest.xml:24:9-32:20
55            android:name="androidx.startup.InitializationProvider"
55-->[androidx.emoji2:emoji2:1.3.0] AndroidManifest.xml:25:13-67
56            android:authorities="com.darkprince.dronecontrol.androidx-startup"
56-->[androidx.emoji2:emoji2:1.3.0] AndroidManifest.xml:26:13-68
57            android:exported="false" >
57-->[androidx.emoji2:emoji2:1.3.0] AndroidManifest.xml:27:13-37
58            <meta-data
58-->[androidx.emoji2:emoji2:1.3.0] AndroidManifest.xml:29:13-31:52
59                android:name="androidx.emoji2.text.EmojiCompatInitializer"
59-->[androidx.emoji2:emoji2:1.3.0] AndroidManifest.xml:30:17-75
60                android:value="androidx.startup" />
60-->[androidx.emoji2:emoji2:1.3.0] AndroidManifest.xml:31:17-49
61            <meta-data
61-->[androidx.lifecycle:lifecycle-process:2.6.2] AndroidManifest.xml:29:13-31:52
62                android:name="androidx.lifecycle.ProcessLifecycleInitializer"
62-->[androidx.lifecycle:lifecycle-process:2.6.2] AndroidManifest.xml:30:17-78
63                android:value="androidx.startup" />
63-->[androidx.lifecycle:lifecycle-process:2.6.2] AndroidManifest.xml:31:17-49
64            <meta-data
64-->[androidx.profileinstaller:profileinstaller:1.3.1] AndroidManifest.xml:29:13-31:52
65                android:name="androidx.profileinstaller.ProfileInstallerInitializer"
65-->[androidx.profileinstaller:profileinstaller:1.3.1] AndroidManifest.xml:30:17-85
66                android:value="androidx.startup" />
66-->[androidx.profileinstaller:profileinstaller:1.3.1] AndroidManifest.xml:31:17-49
67        </provider>
68
69        <receiver
69-->[androidx.profileinstaller:profileinstaller:1.3.1] AndroidManifest.xml:34:9-52:20
70            android:name="androidx.profileinstaller.ProfileInstallReceiver"
70-->[androidx.profileinstaller:profileinstaller:1.3.1] AndroidManifest.xml:35:13-76
71            android:directBootAware="false"
71-->[androidx.profileinstaller:profileinstaller:1.3.1] AndroidManifest.xml:36:13-44
72            android:enabled="true"
72-->[androidx.profileinstaller:profileinstaller:1.3.1] AndroidManifest.xml:37:13-35
73            android:exported="true"
73-->[androidx.profileinstaller:profileinstaller:1.3.1] AndroidManifest.xml:38:13-36
74            android:permission="android.permission.DUMP" >
74-->[androidx.profileinstaller:profileinstaller:1.3.1] AndroidManifest.xml:39:13-57
75            <intent-filter>
75-->[androidx.profileinstaller:profileinstaller:1.3.1] AndroidManifest.xml:40:13-42:29
76                <action android:name="androidx.profileinstaller.action.INSTALL_PROFILE" />
76-->[androidx.profileinstaller:profileinstaller:1.3.1] AndroidManifest.xml:41:17-91
76-->[androidx.profileinstaller:profileinstaller:1.3.1] AndroidManifest.xml:41:25-88
77            </intent-filter>
78            <intent-filter>
78-->[androidx.profileinstaller:profileinstaller:1.3.1] AndroidManifest.xml:43:13-45:29
79                <action android:name="androidx.profileinstaller.action.SKIP_FILE" />
79-->[androidx.profileinstaller:profileinstaller:1.3.1] AndroidManifest.xml:44:17-85
79-->[androidx.profileinstaller:profileinstaller:1.3.1] AndroidManifest.xml:44:25-82
80            </intent-filter>
81            <intent-filter>
81-->[androidx.profileinstaller:profileinstaller:1.3.1] AndroidManifest.xml:46:13-48:29
82                <action android:name="androidx.profileinstaller.action.SAVE_PROFILE" />
82-->[androidx.profileinstaller:profileinstaller:1.3.1] AndroidManifest.xml:47:17-88
82-->[androidx.profileinstaller:profileinstaller:1.3.1] AndroidManifest.xml:47:25-85
83            </intent-filter>
84            <intent-filter>
84-->[androidx.profileinstaller:profileinstaller:1.3.1] AndroidManifest.xml:49:13-51:29
85                <action android:name="androidx.profileinstaller.action.BENCHMARK_OPERATION" />
85-->[androidx.profileinstaller:profileinstaller:1.3.1] AndroidManifest.xml:50:17-95
85-->[androidx.profileinstaller:profileinstaller:1.3.1] AndroidManifest.xml:50:25-92
86            </intent-filter>
87        </receiver>
88    </application>
89
90</manifest>